<?xml version="1.0" encoding="UTF-8"?>
<!-- Generated by org.testng.reporters.JUnitXMLReporter -->
<testsuite ignored="0" hostname="DESKTOP-RVLROEG" failures="0" tests="4" name="Default test" time="11.534" errors="0" timestamp="2024-04-29T10:50:06 IST">
  <testcase classname="api.test.UserTests" name="testPostUser" time="5.353"/>
  <testcase classname="api.test.UserTests" name="testGetUserByName" time="1.228"/>
  <testcase classname="api.test.UserTests" name="testUpdateUserByName" time="2.15"/>
  <testcase classname="api.test.UserTests" name="testDeleteUserByName" time="1.085"/>
</testsuite> <!-- Default test -->
