<?xml version="1.0" encoding="UTF-8"?>
<!-- Generated by org.testng.reporters.JUnitXMLReporter -->
<testsuite ignored="0" hostname="DESKTOP-RVLROEG" failures="0" tests="4" name="Default test" time="12.96" errors="0" timestamp="2024-04-30T16:26:24 IST">
  <testcase classname="api.test.UserTests2" name="testPostUser" time="5.159"/>
  <testcase classname="api.test.UserTests2" name="testGetUserByName" time="1.456"/>
  <testcase classname="api.test.UserTests2" name="testUpdateUserByName" time="2.538"/>
  <testcase classname="api.test.UserTests2" name="testDeleteUserByName" time="1.131"/>
</testsuite> <!-- Default test -->
