<?xml version="1.0" encoding="UTF-8"?>
<!-- Generated by org.testng.reporters.JUnitXMLReporter -->
<testsuite ignored="0" hostname="DESKTOP-RVLROEG" failures="0" tests="4" name="Test" time="10.059" errors="0" timestamp="2024-04-29T11:31:46 IST">
  <testcase classname="api.test.UserTests2" name="testPostUser" time="3.876"/>
  <testcase classname="api.test.UserTests2" name="testGetUserByName" time="1.2"/>
  <testcase classname="api.test.UserTests2" name="testUpdateUserByName" time="2.281"/>
  <testcase classname="api.test.UserTests2" name="testDeleteUserByName" time="1.09"/>
</testsuite> <!-- Test -->
