<?xml version="1.0" encoding="UTF-8"?>
<!-- Generated by org.testng.reporters.JUnitXMLReporter -->
<testsuite ignored="0" hostname="DESKTOP-RVLROEG" failures="0" tests="4" name="Test" time="13.217" errors="0" timestamp="2024-04-29T16:10:24 IST">
  <testcase classname="api.test.UserTests2" name="testPostUser" time="6.125"/>
  <testcase classname="api.test.UserTests2" name="testGetUserByName" time="1.16"/>
  <testcase classname="api.test.UserTests2" name="testUpdateUserByName" time="2.174"/>
  <testcase classname="api.test.UserTests2" name="testDeleteUserByName" time="1.106"/>
</testsuite> <!-- Test -->
