<?xml version="1.0" encoding="UTF-8"?>
<!-- Generated by org.testng.reporters.JUnitXMLReporter -->
<testsuite ignored="0" hostname="DESKTOP-RVLROEG" failures="0" tests="4" name="Test" time="12.858" errors="0" timestamp="2024-04-30T20:57:24 IST">
  <testcase classname="api.test.UserTests2" name="testPostUser" time="5.074"/>
  <testcase classname="api.test.UserTests2" name="testGetUserByName" time="1.222"/>
  <testcase classname="api.test.UserTests2" name="testUpdateUserByName" time="2.396"/>
  <testcase classname="api.test.UserTests2" name="testDeleteUserByName" time="1.207"/>
</testsuite> <!-- Test -->
