<?xml version="1.0" encoding="UTF-8"?>
<testng-results ignored="0" total="4" passed="4" failed="0" skipped="0">
  <reporter-output>
  </reporter-output>
  <suite started-at="2024-04-30T20:57:10 IST" name="Suite" finished-at="2024-04-30T20:57:23 IST" duration-ms="12858">
    <groups>
    </groups>
    <test started-at="2024-04-30T20:57:10 IST" name="Test" finished-at="2024-04-30T20:57:23 IST" duration-ms="12858">
      <class name="api.test.UserTests2">
        <test-method is-config="true" signature="setup()[pri:0, instance:api.test.UserTests2@3c407114]" started-at="2024-04-30T20:57:11 IST" name="setup" finished-at="2024-04-30T20:57:13 IST" duration-ms="2011" status="PASS">
          <reporter-output>
          </reporter-output>
        </test-method> <!-- setup -->
        <test-method signature="testPostUser()[pri:1, instance:api.test.UserTests2@3c407114]" started-at="2024-04-30T20:57:13 IST" name="testPostUser" finished-at="2024-04-30T20:57:18 IST" duration-ms="5074" status="PASS">
          <reporter-output>
          </reporter-output>
        </test-method> <!-- testPostUser -->
        <test-method signature="testGetUserByName()[pri:2, instance:api.test.UserTests2@3c407114]" started-at="2024-04-30T20:57:18 IST" name="testGetUserByName" finished-at="2024-04-30T20:57:19 IST" duration-ms="1222" status="PASS">
          <reporter-output>
          </reporter-output>
        </test-method> <!-- testGetUserByName -->
        <test-method signature="testUpdateUserByName()[pri:3, instance:api.test.UserTests2@3c407114]" started-at="2024-04-30T20:57:19 IST" name="testUpdateUserByName" finished-at="2024-04-30T20:57:22 IST" duration-ms="2396" status="PASS">
          <reporter-output>
          </reporter-output>
        </test-method> <!-- testUpdateUserByName -->
        <test-method signature="testDeleteUserByName()[pri:4, instance:api.test.UserTests2@3c407114]" started-at="2024-04-30T20:57:22 IST" name="testDeleteUserByName" finished-at="2024-04-30T20:57:23 IST" duration-ms="1207" status="PASS">
          <reporter-output>
          </reporter-output>
        </test-method> <!-- testDeleteUserByName -->
      </class> <!-- api.test.UserTests2 -->
    </test> <!-- Test -->
  </suite> <!-- Suite -->
</testng-results>
